<?xml version="1.0" encoding="UTF-8"?>
<testsuite name="com.sample.cwi.utils.PropertyFileReaderTest" tests="2" skipped="0" failures="0" errors="0" timestamp="2020-06-01T12:49:45" hostname="bhuva" time="0.007">
  <properties/>
  <testcase name="shouldReadPropertyValueFromPropertyFileWithoutAnyError" classname="com.sample.cwi.utils.PropertyFileReaderTest" time="0.004"/>
  <testcase name="shouldThrowFileNotFoundExceptionWhenFileNotPresent" classname="com.sample.cwi.utils.PropertyFileReaderTest" time="0.002"/>
  <system-out><![CDATA[]]></system-out>
  <system-err><![CDATA[]]></system-err>
</testsuite>
