<?xml version="1.0" encoding="UTF-8"?>
<testsuite name="com.sample.cwi.handlers.CommonRouteHandlerTest" tests="2" skipped="0" failures="0" errors="0" timestamp="2020-06-02T15:48:08" hostname="bhuva" time="1.512">
  <properties/>
  <testcase name="shouldReturnValidResponseWithWarehouseDetails" classname="com.sample.cwi.handlers.CommonRouteHandlerTest" time="1.495"/>
  <testcase name="shouldReturnValidResponseWithVehicleList" classname="com.sample.cwi.handlers.CommonRouteHandlerTest" time="0.013"/>
  <system-out><![CDATA[2020-06-02 16:48:09 INFO  CommonRouteHandler:55 - Calling carWarehouseService to getVehicleDetails
2020-06-02 16:48:09 INFO  CommonRouteHandler:41 - Calling carWarehouseService to getVehicleDetailList
]]></system-out>
  <system-err><![CDATA[]]></system-err>
</testsuite>
